0 info it worked if it ends with ok
1 verbose cli [ '/usr/bin/nodejs', '/usr/bin/npm', 'start' ]
2 info using npm@3.5.2
3 info using node@v4.2.6
4 verbose run-script [ 'prestart', 'start', 'poststart' ]
5 info lifecycle poll2@0.1.0~prestart: poll2@0.1.0
6 silly lifecycle poll2@0.1.0~prestart: no script for prestart, continuing
7 info lifecycle poll2@0.1.0~start: poll2@0.1.0
8 verbose lifecycle poll2@0.1.0~start: unsafe-perm in lifecycle true
9 verbose lifecycle poll2@0.1.0~start: PATH: /usr/share/npm/bin/node-gyp-bin:/home/studio/Documents/WeAreNature/FutureActionPoll/node_modules/.bin:/usr/bin:/bin
10 verbose lifecycle poll2@0.1.0~start: CWD: /home/studio/Documents/WeAreNature/FutureActionPoll
11 silly lifecycle poll2@0.1.0~start: Args: [ '-c', 'webpack-dev-server' ]
12 silly lifecycle poll2@0.1.0~start: Returned: code: 1  signal: null
13 info lifecycle poll2@0.1.0~start: Failed to exec start script
14 verbose stack Error: poll2@0.1.0 start: `webpack-dev-server`
14 verbose stack Exit status 1
14 verbose stack     at EventEmitter.<anonymous> (/usr/share/npm/lib/utils/lifecycle.js:232:16)
14 verbose stack     at emitTwo (events.js:87:13)
14 verbose stack     at EventEmitter.emit (events.js:172:7)
14 verbose stack     at ChildProcess.<anonymous> (/usr/share/npm/lib/utils/spawn.js:24:14)
14 verbose stack     at emitTwo (events.js:87:13)
14 verbose stack     at ChildProcess.emit (events.js:172:7)
14 verbose stack     at maybeClose (internal/child_process.js:821:16)
14 verbose stack     at Process.ChildProcess._handle.onexit (internal/child_process.js:211:5)
15 verbose pkgid poll2@0.1.0
16 verbose cwd /home/studio/Documents/WeAreNature/FutureActionPoll
17 error Linux 4.10.0-37-generic
18 error argv "/usr/bin/nodejs" "/usr/bin/npm" "start"
19 error node v4.2.6
20 error npm  v3.5.2
21 error code ELIFECYCLE
22 error poll2@0.1.0 start: `webpack-dev-server`
22 error Exit status 1
23 error Failed at the poll2@0.1.0 start script 'webpack-dev-server'.
23 error Make sure you have the latest version of node.js and npm installed.
23 error If you do, this is most likely a problem with the poll2 package,
23 error not with npm itself.
23 error Tell the author that this fails on your system:
23 error     webpack-dev-server
23 error You can get information on how to open an issue for this project with:
23 error     npm bugs poll2
23 error Or if that isn't available, you can get their info via:
23 error     npm owner ls poll2
23 error There is likely additional logging output above.
24 verbose exit [ 1, true ]
